build/app/intermediates/manifest_merge_blame_file/release/manifest-merger-blame-release-report.txt
1<?xml version="1.0" encoding="utf-8"?>
2<manifest xmlns:android="http://schemas.android.com/apk/res/android"
3    package="com.example.lingam"
4    android:versionCode="1"
5    android:versionName="1.0.0" >
6
7    <uses-sdk
8        android:minSdkVersion="19"
8-->src/main/AndroidManifest.xml
9        android:targetSdkVersion="33" />
9-->src/main/AndroidManifest.xml
10
11    <uses-permission android:name="android.permission.ACCESS_FINE_LOCATION" />
11-->src/main/AndroidManifest.xml:2:1-75
11-->src/main/AndroidManifest.xml:2:18-72
12    <uses-permission android:name="android.permission.ACCESS_COARSE_LOCATION" />
12-->src/main/AndroidManifest.xml:3:1-77
12-->src/main/AndroidManifest.xml:3:18-74
13    <!--
14         Required to query activities that can process text, see:
15         https://developer.android.com/training/package-visibility?hl=en and
16         https://developer.android.com/reference/android/content/Intent#ACTION_PROCESS_TEXT.
17
18         In particular, this is used by the Flutter engine in io.flutter.plugin.text.ProcessTextPlugin.
19    -->
20    <queries>
20-->src/main/AndroidManifest.xml:40:5-45:15
21        <intent>
21-->src/main/AndroidManifest.xml:41:9-44:18
22            <action android:name="android.intent.action.PROCESS_TEXT" />
22-->src/main/AndroidManifest.xml:42:13-72
22-->src/main/AndroidManifest.xml:42:21-70
23
24            <data android:mimeType="text/plain" />
24-->src/main/AndroidManifest.xml:43:13-50
24-->src/main/AndroidManifest.xml:43:19-48
25        </intent>
26    </queries>
27
28    <permission
28-->[androidx.core:core:1.9.0] AndroidManifest.xml:22:5-24:47
29        android:name="com.example.lingam.DYNAMIC_RECEIVER_NOT_EXPORTED_PERMISSION"
29-->[androidx.core:core:1.9.0] AndroidManifest.xml:23:9-81
30        android:protectionLevel="signature" />
30-->[androidx.core:core:1.9.0] AndroidManifest.xml:24:9-44
31
32    <uses-permission android:name="com.example.lingam.DYNAMIC_RECEIVER_NOT_EXPORTED_PERMISSION" />
32-->[androidx.core:core:1.9.0] AndroidManifest.xml:26:5-97
32-->[androidx.core:core:1.9.0] AndroidManifest.xml:26:22-94
33
34    <application
35        android:name="android.app.Application"
35-->src/main/AndroidManifest.xml:6:9-42
36        android:appComponentFactory="androidx.core.app.CoreComponentFactory"
36-->[androidx.core:core:1.9.0] AndroidManifest.xml:28:18-86
37        android:icon="@mipmap/ic_launcher"
37-->src/main/AndroidManifest.xml:7:9-43
38        android:label="Lingam" >
38-->src/main/AndroidManifest.xml:5:9-31
39        <activity
39-->src/main/AndroidManifest.xml:8:9-28:20
40            android:name="com.example.lingam.MainActivity"
40-->src/main/AndroidManifest.xml:9:13-41
41            android:configChanges="orientation|keyboardHidden|keyboard|screenSize|smallestScreenSize|locale|layoutDirection|fontScale|screenLayout|density|uiMode"
41-->src/main/AndroidManifest.xml:13:13-163
42            android:exported="true"
42-->src/main/AndroidManifest.xml:10:13-36
43            android:hardwareAccelerated="true"
43-->src/main/AndroidManifest.xml:14:13-47
44            android:launchMode="singleTop"
44-->src/main/AndroidManifest.xml:11:13-43
45            android:theme="@style/LaunchTheme"
45-->src/main/AndroidManifest.xml:12:13-47
46            android:windowSoftInputMode="adjustResize" >
46-->src/main/AndroidManifest.xml:15:13-55
47
48            <!--
49                 Specifies an Android theme to apply to this Activity as soon as
50                 the Android process has started. This theme is visible to the user
51                 while the Flutter UI initializes. After that, this theme continues
52                 to determine the Window background behind the Flutter UI.
53            -->
54            <meta-data
54-->src/main/AndroidManifest.xml:20:13-23:17
55                android:name="io.flutter.embedding.android.NormalTheme"
55-->src/main/AndroidManifest.xml:21:15-70
56                android:resource="@style/NormalTheme" />
56-->src/main/AndroidManifest.xml:22:15-52
57
58            <intent-filter>
58-->src/main/AndroidManifest.xml:24:13-27:29
59                <action android:name="android.intent.action.MAIN" />
59-->src/main/AndroidManifest.xml:25:17-68
59-->src/main/AndroidManifest.xml:25:25-66
60
61                <category android:name="android.intent.category.LAUNCHER" />
61-->src/main/AndroidManifest.xml:26:17-76
61-->src/main/AndroidManifest.xml:26:27-74
62            </intent-filter>
63        </activity>
64        <!--
65             Don't delete the meta-data below.
66             This is used by the Flutter tool to generate GeneratedPluginRegistrant.java
67        -->
68        <meta-data
68-->src/main/AndroidManifest.xml:31:9-33:33
69            android:name="flutterEmbedding"
69-->src/main/AndroidManifest.xml:32:13-44
70            android:value="2" />
70-->src/main/AndroidManifest.xml:33:13-30
71
72        <service
72-->[:geolocator_android] AndroidManifest.xml:10:9-14:56
73            android:name="com.baseflow.geolocator.GeolocatorLocationService"
73-->[:geolocator_android] AndroidManifest.xml:11:13-77
74            android:enabled="true"
74-->[:geolocator_android] AndroidManifest.xml:12:13-35
75            android:exported="false"
75-->[:geolocator_android] AndroidManifest.xml:13:13-37
76            android:foregroundServiceType="location" />
76-->[:geolocator_android] AndroidManifest.xml:14:13-53
77
78        <uses-library
78-->[androidx.window:window:1.0.0-beta04] AndroidManifest.xml:25:9-27:40
79            android:name="androidx.window.extensions"
79-->[androidx.window:window:1.0.0-beta04] AndroidManifest.xml:26:13-54
80            android:required="false" />
80-->[androidx.window:window:1.0.0-beta04] AndroidManifest.xml:27:13-37
81        <uses-library
81-->[androidx.window:window:1.0.0-beta04] AndroidManifest.xml:28:9-30:40
82            android:name="androidx.window.sidecar"
82-->[androidx.window:window:1.0.0-beta04] AndroidManifest.xml:29:13-51
83            android:required="false" />
83-->[androidx.window:window:1.0.0-beta04] AndroidManifest.xml:30:13-37
84
85        <activity
85-->[com.google.android.gms:play-services-base:18.1.0] AndroidManifest.xml:20:9-22:45
86            android:name="com.google.android.gms.common.api.GoogleApiActivity"
86-->[com.google.android.gms:play-services-base:18.1.0] AndroidManifest.xml:20:19-85
87            android:exported="false"
87-->[com.google.android.gms:play-services-base:18.1.0] AndroidManifest.xml:22:19-43
88            android:theme="@android:style/Theme.Translucent.NoTitleBar" />
88-->[com.google.android.gms:play-services-base:18.1.0] AndroidManifest.xml:21:19-78
89
90        <meta-data
90-->[com.google.android.gms:play-services-basement:18.1.0] AndroidManifest.xml:21:9-23:69
91            android:name="com.google.android.gms.version"
91-->[com.google.android.gms:play-services-basement:18.1.0] AndroidManifest.xml:22:13-58
92            android:value="@integer/google_play_services_version" />
92-->[com.google.android.gms:play-services-basement:18.1.0] AndroidManifest.xml:23:13-66
93    </application>
94
95</manifest>